2025-03-11 11:21:47,491 - INFO - 止损：0.05,卖出
2025-03-11 11:21:47,491 - INFO - 止盈：0.15，卖一半

2025-03-11 11:23:07,851 - INFO - ==================================================
2025-03-11 11:23:35,089 - INFO - 最新收盘价: 106.98
2025-03-11 11:23:35,089 - INFO - 最后一次操作: buy,时间: 2025-03-04 00:00:00,价格: 115.98999786376953
2025-03-11 11:23:35,089 - INFO - NVDA 2025-03-10
2025-03-11 11:23:35,090 - INFO - 预测上涨
2025-03-11 11:23:35,090 - INFO - 买入：1股
2025-03-11 11:23:35,090 - INFO - 建议: 继续持有 (WAIT)
2025-03-11 11:23:35,090 - INFO - 原因: 预测值 0.5060 > 阈值 0.50，预计市场将继续上涨

2025-03-11 11:28:07,578 - INFO - ==================================================
2025-03-11 11:28:34,701 - INFO - 最新收盘价: 132.54
2025-03-11 11:28:34,702 - INFO - 最后一次操作: sell,时间: 2025-03-10 00:00:00,价格: 132.5399932861328
2025-03-11 11:28:34,702 - INFO - BABA 2025-03-10
2025-03-11 11:28:34,702 - INFO - 预测下跌，有就卖
2025-03-11 11:28:34,702 - INFO - 建议: 观望 (WAIT)
2025-03-11 11:28:34,702 - INFO - 原因: 预测值 0.4746 < 阈值 0.51，预计市场将下跌，当前无持仓，无需操作

2025-03-11 11:29:01,660 - INFO - ==================================================
2025-03-11 11:29:28,913 - INFO - 最新收盘价: 560.58
2025-03-11 11:29:28,913 - INFO - 最后一次操作: buy,时间: 2025-02-27 00:00:00,价格: 585.0499877929688
2025-03-11 11:29:28,914 - INFO - SPY 2025-03-10
2025-03-11 11:29:28,914 - INFO - 预测上涨
2025-03-11 11:29:28,914 - INFO - 买入：1股
2025-03-11 11:29:28,914 - INFO - 建议: 继续持有 (WAIT)
2025-03-11 11:29:28,914 - INFO - 原因: 预测值 0.6263 > 阈值 0.50，预计市场将继续上涨

2025-03-11 11:29:28,914 - INFO - ==================================================
2025-03-11 11:29:56,306 - INFO - 最新收盘价: 472.73
2025-03-11 11:29:56,306 - INFO - 最后一次操作: buy,时间: 2025-02-24 00:00:00,价格: 519.8699951171875
2025-03-11 11:29:56,306 - INFO - QQQ 2025-03-10
2025-03-11 11:29:56,306 - INFO - 预测上涨
2025-03-11 11:29:56,306 - INFO - 买入：2股
2025-03-11 11:29:56,306 - INFO - 建议: 继续持有 (WAIT)
2025-03-11 11:29:56,306 - INFO - 原因: 预测值 0.6284 > 阈值 0.50，预计市场将继续上涨
2025-03-11 12:18:14,220 - INFO - 最新收盘价: 227.48
2025-03-11 12:18:14,221 - INFO - 最后一次操作: buy,时间: 2025-03-03 00:00:00,价格: 238.02999877929688
2025-03-11 12:18:14,221 - INFO - AAPL 2025-03-10
2025-03-11 12:18:14,222 - INFO - 预测上涨
2025-03-11 12:18:14,222 - INFO - 建议: 继续持有 (WAIT)
2025-03-11 12:18:14,222 - INFO - 原因: 预测值 0.5107 > 阈值 0.50，预计市场将继续上涨
2025-03-11 12:18:14,222 - INFO - ==================================================
2025-03-11 12:18:42,901 - INFO - 最新收盘价: 380.16
2025-03-11 12:18:42,901 - INFO - 最后一次操作: buy,时间: 2025-03-06 00:00:00,价格: 396.8900146484375
2025-03-11 12:18:42,901 - INFO - MSFT 2025-03-10
2025-03-11 12:18:42,902 - INFO - 止损：0.05,卖出
2025-03-11 12:18:42,902 - INFO - 止盈：0.15，卖一半
2025-03-11 12:18:42,902 - INFO - 建议: 观望 (WAIT)
2025-03-11 12:18:42,902 - INFO - 原因: 预测值 0.5164 在不确定区间 [0.48, 0.52]，建议持观望态度
2025-03-11 12:18:42,902 - INFO - ==================================================
2025-03-11 12:19:11,392 - INFO - 最新收盘价: 194.54
2025-03-11 12:19:11,392 - INFO - 最后一次操作: buy,时间: 2025-03-03 00:00:00,价格: 205.02000427246094
2025-03-11 12:19:11,392 - INFO - AMZN 2025-03-10
2025-03-11 12:19:11,392 - INFO - 预测上涨
2025-03-11 12:19:11,393 - INFO - 建议: 继续持有 (WAIT)
2025-03-11 12:19:11,393 - INFO - 原因: 预测值 0.5192 > 阈值 0.50，预计市场将继续上涨
2025-03-11 12:19:11,393 - INFO - ==================================================
2025-03-11 12:19:39,998 - INFO - 最新收盘价: 167.81
2025-03-11 12:19:39,998 - INFO - 最后一次操作: sell,时间: 2025-02-26 00:00:00,价格: 174.50119018554688
2025-03-11 12:19:39,999 - INFO - GOOG 2025-03-10
2025-03-11 12:19:39,999 - INFO - 止损：0.05,卖出
2025-03-11 12:19:39,999 - INFO - 止盈：0.15，卖一半
2025-03-11 12:19:39,999 - INFO - 建议: 观望 (WAIT)
2025-03-11 12:19:39,999 - INFO - 原因: 预测值 0.5289 在不确定区间 [0.46, 0.54]，建议持观望态度
2025-03-11 12:19:39,999 - INFO - ==================================================
2025-03-11 12:20:08,849 - INFO - 最新收盘价: 597.99
2025-03-11 12:20:08,850 - INFO - 最后一次操作: sell,时间: 2023-11-08 00:00:00,价格: 318.5631408691406
2025-03-11 12:20:08,850 - INFO - META 2025-03-10
2025-03-11 12:20:08,850 - INFO - 预测上涨
2025-03-11 12:20:08,850 - INFO - 建议: 观望 (WAIT)
2025-03-11 12:20:08,850 - INFO - 原因: 预测值 0.5236 > 阈值 0.50，预计市场将上涨，当前无持仓，无需操作
2025-03-11 12:20:08,850 - INFO - ==================================================
2025-03-11 12:20:40,598 - INFO - 最新收盘价: 106.98
2025-03-11 12:20:40,598 - INFO - 最后一次操作: buy,时间: 2025-03-04 00:00:00,价格: 115.98999786376953
2025-03-11 12:20:40,599 - INFO - NVDA 2025-03-10
2025-03-11 12:20:40,599 - INFO - 预测上涨
2025-03-11 12:20:40,599 - INFO - 买入：1股
2025-03-11 12:20:40,599 - INFO - 建议: 继续持有 (WAIT)
2025-03-11 12:20:40,599 - INFO - 原因: 预测值 0.5060 > 阈值 0.50，预计市场将继续上涨
2025-03-11 12:20:40,600 - INFO - ==================================================
2025-03-11 12:21:12,420 - INFO - 最新收盘价: 19.93
2025-03-11 12:21:12,421 - INFO - 最后一次操作: sell,时间: 2024-05-03 00:00:00,价格: 30.581005096435547
2025-03-11 12:21:12,421 - INFO - INTC 2025-03-10
2025-03-11 12:21:12,422 - INFO - 止损：0.05,卖出
2025-03-11 12:21:12,422 - INFO - 止盈：0.15，卖一半
2025-03-11 12:21:12,422 - INFO - 建议: 观望 (WAIT)
2025-03-11 12:21:12,422 - INFO - 原因: 预测值 0.5146 在不确定区间 [0.45, 0.55]，建议持观望态度
2025-03-11 12:21:12,423 - INFO - ==================================================
2025-03-11 12:21:44,938 - INFO - 最新收盘价: 435.08
2025-03-11 12:21:44,938 - INFO - 最后一次操作: sell,时间: 2024-08-08 00:00:00,价格: 530.239990234375
2025-03-11 12:21:44,939 - INFO - ADBE 2025-03-10
2025-03-11 12:21:44,939 - INFO - 预测上涨
2025-03-11 12:21:44,939 - INFO - 建议: 观望 (WAIT)
2025-03-11 12:21:44,939 - INFO - 原因: 预测值 0.5172 > 阈值 0.50，预计市场将上涨，当前无持仓，无需操作
2025-03-11 12:21:44,940 - INFO - ==================================================
2025-03-11 12:22:16,763 - INFO - 最新收盘价: 866.68
2025-03-11 12:22:16,763 - INFO - 最后一次操作: sell,时间: 2024-08-08 00:00:00,价格: 630.3499755859375
2025-03-11 12:22:16,764 - INFO - NFLX 2025-03-10
2025-03-11 12:22:16,764 - INFO - 预测上涨
2025-03-11 12:22:16,764 - INFO - 建议: 观望 (WAIT)
2025-03-11 12:22:16,765 - INFO - 原因: 预测值 0.5235 > 阈值 0.50，预计市场将上涨，当前无持仓，无需操作
2025-03-11 12:22:16,765 - INFO - ==================================================
2025-03-11 12:22:49,856 - INFO - 最新收盘价: 222.15
2025-03-11 12:22:49,857 - INFO - 最后一次操作: sell,时间: 2025-03-04 00:00:00,价格: 272.0400085449219
2025-03-11 12:22:49,857 - INFO - TSLA 2025-03-10
2025-03-11 12:22:49,857 - INFO - 止损：0.05,卖出
2025-03-11 12:22:49,857 - INFO - 止盈：0.15，卖一半
2025-03-11 12:22:49,857 - INFO - 建议: 观望 (WAIT)
2025-03-11 12:22:49,858 - INFO - 原因: 预测值 0.4767 在不确定区间 [0.46, 0.54]，建议持观望态度
2025-03-11 12:22:49,858 - INFO - ==================================================
2025-03-11 12:23:22,250 - INFO - 最新收盘价: 170.65
2025-03-11 12:23:22,250 - INFO - 最后一次操作: sell,时间: 2025-02-25 00:00:00,价格: 189.3699951171875
2025-03-11 12:23:22,250 - INFO - TSM 2025-03-10
2025-03-11 12:23:22,250 - INFO - 预测上涨
2025-03-11 12:23:22,251 - INFO - 建议: 观望 (WAIT)
2025-03-11 12:23:22,251 - INFO - 原因: 预测值 0.5112 > 阈值 0.50，预计市场将上涨，当前无持仓，无需操作
2025-03-11 12:23:22,251 - INFO - ==================================================
2025-03-11 12:23:55,545 - INFO - 最新收盘价: 96.63
2025-03-11 12:23:55,546 - INFO - 最后一次操作: sell,时间: 2024-08-08 00:00:00,价格: 136.32000732421875
2025-03-11 12:23:55,547 - INFO - AMD 2025-03-10
2025-03-11 12:23:55,547 - INFO - 止损：0.05,卖出
2025-03-11 12:23:55,548 - INFO - 止盈：0.15，卖一半
2025-03-11 12:23:55,548 - INFO - 建议: 观望 (WAIT)
2025-03-11 12:23:55,548 - INFO - 原因: 预测值 0.4869 在不确定区间 [0.41, 0.59]，建议持观望态度
2025-03-11 12:23:55,548 - INFO - ==================================================
2025-03-11 12:24:28,380 - INFO - 最新收盘价: 317.25
2025-03-11 12:24:28,381 - INFO - 最后一次操作: sell,时间: 2025-03-05 00:00:00,价格: 307.45001220703125
2025-03-11 12:24:28,381 - INFO - MCD 2025-03-10
2025-03-11 12:24:28,382 - INFO - 预测上涨
2025-03-11 12:24:28,382 - INFO - 建议: 观望 (WAIT)
2025-03-11 12:24:28,382 - INFO - 原因: 预测值 0.5042 > 阈值 0.50，预计市场将上涨，当前无持仓，无需操作
2025-03-11 12:24:28,382 - INFO - ==================================================
2025-03-11 12:24:59,592 - INFO - 最新收盘价: 489.24
2025-03-11 12:24:59,592 - INFO - 最后一次操作: sell,时间: 2024-11-06 00:00:00,价格: 391.1600036621094
2025-03-11 12:24:59,592 - INFO - SPOT 2025-03-10
2025-03-11 12:24:59,593 - INFO - 预测上涨
2025-03-11 12:24:59,593 - INFO - 建议: 观望 (WAIT)
2025-03-11 12:24:59,593 - INFO - 原因: 预测值 0.5214 > 阈值 0.50，预计市场将上涨，当前无持仓，无需操作
2025-03-11 12:24:59,593 - INFO - ==================================================
2025-03-11 12:25:33,310 - INFO - 最新收盘价: 102.40
2025-03-11 12:25:33,310 - INFO - 最后一次操作: buy,时间: 2025-03-03 00:00:00,价格: 96.62999725341797
2025-03-11 12:25:33,310 - INFO - NTES 2025-03-10
2025-03-11 12:25:33,311 - INFO - 止损：0.05,卖出
2025-03-11 12:25:33,311 - INFO - 止盈：0.15，卖一半
2025-03-11 12:25:33,311 - INFO - 建议: 观望 (WAIT)
2025-03-11 12:25:33,311 - INFO - 原因: 预测值 0.5237 在不确定区间 [0.43, 0.57]，建议持观望态度
2025-03-11 12:25:33,311 - INFO - ==================================================
2025-03-11 12:26:05,984 - INFO - 最新收盘价: 65.45
2025-03-11 12:26:05,984 - INFO - 最后一次操作: sell,时间: 2025-03-04 00:00:00,价格: 63.400001525878906
2025-03-11 12:26:05,985 - INFO - TCEHY 2025-03-10
2025-03-11 12:26:05,985 - INFO - 预测上涨
2025-03-11 12:26:05,985 - INFO - 建议: 观望 (WAIT)
2025-03-11 12:26:05,985 - INFO - 原因: 预测值 0.4978 > 阈值 0.48，预计市场将上涨，当前无持仓，无需操作
2025-03-11 12:26:05,985 - INFO - ==================================================
2025-03-11 12:26:38,422 - INFO - 最新收盘价: 132.54
2025-03-11 12:26:38,422 - INFO - 最后一次操作: sell,时间: 2025-03-10 00:00:00,价格: 132.5399932861328
2025-03-11 12:26:38,422 - INFO - BABA 2025-03-10
2025-03-11 12:26:38,422 - INFO - 预测下跌，有就卖
2025-03-11 12:26:38,422 - INFO - 建议: 观望 (WAIT)
2025-03-11 12:26:38,423 - INFO - 原因: 预测值 0.4746 < 阈值 0.51，预计市场将下跌，当前无持仓，无需操作
2025-03-11 12:26:38,423 - INFO - ==================================================
2025-03-11 12:27:11,521 - INFO - 最新收盘价: 92.59
2025-03-11 12:27:11,522 - INFO - 最后一次操作: sell,时间: 2025-01-21 00:00:00,价格: 83.69000244140625
2025-03-11 12:27:11,522 - INFO - BIDU 2025-03-10
2025-03-11 12:27:11,522 - INFO - 止损：0.05,卖出
2025-03-11 12:27:11,522 - INFO - 止盈：0.15，卖一半
2025-03-11 12:27:11,522 - INFO - 建议: 观望 (WAIT)
2025-03-11 12:27:11,523 - INFO - 原因: 预测值 0.4838 在不确定区间 [0.46, 0.54]，建议持观望态度
2025-03-11 12:27:11,523 - INFO - ==================================================
2025-03-11 12:27:44,824 - INFO - 最新收盘价: 560.58
2025-03-11 12:27:44,825 - INFO - 最后一次操作: buy,时间: 2025-02-27 00:00:00,价格: 585.0499877929688
2025-03-11 12:27:44,825 - INFO - SPY 2025-03-10
2025-03-11 12:27:44,825 - INFO - 预测上涨
2025-03-11 12:27:44,825 - INFO - 买入：1股
2025-03-11 12:27:44,826 - INFO - 建议: 继续持有 (WAIT)
2025-03-11 12:27:44,826 - INFO - 原因: 预测值 0.6263 > 阈值 0.50，预计市场将继续上涨
2025-03-11 12:27:44,826 - INFO - ==================================================
2025-03-11 12:28:17,928 - INFO - 最新收盘价: 472.73
2025-03-11 12:28:17,929 - INFO - 最后一次操作: buy,时间: 2025-02-24 00:00:00,价格: 519.8699951171875
2025-03-11 12:28:17,929 - INFO - QQQ 2025-03-10
2025-03-11 12:28:17,929 - INFO - 预测上涨
2025-03-11 12:28:17,930 - INFO - 买入：2股
2025-03-11 12:28:17,930 - INFO - 建议: 继续持有 (WAIT)
2025-03-11 12:28:17,930 - INFO - 原因: 预测值 0.6284 > 阈值 0.50，预计市场将继续上涨
2025-03-11 12:28:17,930 - INFO - ==================================================
