2025-03-19 09:35:53,392 - INFO - 最新收盘价: 212.69
2025-03-19 09:35:53,392 - INFO - 最后一次操作: buy,时间: 2025-03-13 00:00:00,价格: 209.67999267578125
2025-03-19 09:35:53,393 - INFO - AAPL 2025-03-18
2025-03-19 09:35:53,393 - INFO - 预测上涨
2025-03-19 09:35:53,393 - INFO - 建议: 继续持有 (WAIT)
2025-03-19 09:35:53,393 - INFO - 原因: 预测值 0.5135 > 阈值 0.50，预计市场将继续上涨
2025-03-19 09:35:53,393 - INFO - ==================================================
2025-03-19 09:36:21,713 - INFO - 最新收盘价: 383.52
2025-03-19 09:36:21,713 - INFO - 最后一次操作: buy,时间: 2025-03-06 00:00:00,价格: 396.8900146484375
2025-03-19 09:36:21,713 - INFO - MSFT 2025-03-18
2025-03-19 09:36:21,713 - INFO - 预测上涨
2025-03-19 09:36:21,713 - INFO - 建议: 继续持有 (WAIT)
2025-03-19 09:36:21,714 - INFO - 原因: 预测值 0.5341 > 阈值 0.52，预计市场将继续上涨
2025-03-19 09:36:21,714 - INFO - ==================================================
2025-03-19 09:36:51,345 - INFO - 最新收盘价: 192.82
2025-03-19 09:36:51,345 - INFO - 最后一次操作: buy,时间: 2025-03-03 00:00:00,价格: 205.02000427246094
2025-03-19 09:36:51,345 - INFO - AMZN 2025-03-18
2025-03-19 09:36:51,345 - INFO - 预测上涨
2025-03-19 09:36:51,345 - INFO - 买入：1股
2025-03-19 09:36:51,346 - INFO - 建议: 继续持有 (WAIT)
2025-03-19 09:36:51,346 - INFO - 原因: 预测值 0.5379 > 阈值 0.50，预计市场将继续上涨
2025-03-19 09:36:51,346 - INFO - ==================================================
2025-03-19 09:37:21,670 - INFO - 最新收盘价: 162.67
2025-03-19 09:37:21,670 - INFO - 最后一次操作: sell,时间: 2025-02-26 00:00:00,价格: 174.50119018554688
2025-03-19 09:37:21,670 - INFO - GOOG 2025-03-18
2025-03-19 09:37:21,670 - INFO - 止损：0.05,卖出
2025-03-19 09:37:21,670 - INFO - 止盈：0.15，卖一半
2025-03-19 09:37:21,671 - INFO - 建议: 观望 (WAIT)
2025-03-19 09:37:21,671 - INFO - 原因: 预测值 0.5213 在不确定区间 [0.46, 0.54]，建议持观望态度
2025-03-19 09:37:21,671 - INFO - ==================================================
2025-03-19 09:37:51,795 - INFO - 最新收盘价: 582.36
2025-03-19 09:37:51,795 - INFO - 最后一次操作: sell,时间: 2023-11-08 00:00:00,价格: 318.27996826171875
2025-03-19 09:37:51,796 - INFO - META 2025-03-18
2025-03-19 09:37:51,796 - INFO - 预测上涨
2025-03-19 09:37:51,796 - INFO - 建议: 观望 (WAIT)
2025-03-19 09:37:51,796 - INFO - 原因: 预测值 0.5091 > 阈值 0.50，预计市场将上涨，当前无持仓，无需操作
2025-03-19 09:37:51,796 - INFO - ==================================================
2025-03-19 09:38:16,893 - INFO - 最新收盘价: 115.43
2025-03-19 09:38:16,893 - INFO - 最后一次操作: sell,时间: 2025-02-27 00:00:00,价格: 120.13895416259766
2025-03-19 09:38:16,894 - INFO - NVDA 2025-03-18
2025-03-19 09:38:16,894 - INFO - 止损：0.05,卖出
2025-03-19 09:38:16,894 - INFO - 止盈：0.15，卖一半
2025-03-19 09:38:16,894 - INFO - 建议: 观望 (WAIT)
2025-03-19 09:38:16,895 - INFO - 原因: 预测值 0.4896 在不确定区间 [0.48, 0.52]，建议持观望态度
2025-03-19 09:38:16,895 - INFO - ==================================================
2025-03-19 09:38:42,146 - INFO - 最新收盘价: 25.92
2025-03-19 09:38:42,146 - INFO - 最后一次操作: sell,时间: 2024-05-03 00:00:00,价格: 30.58100700378418
2025-03-19 09:38:42,147 - INFO - INTC 2025-03-18
2025-03-19 09:38:42,147 - INFO - 止损：0.05,卖出
2025-03-19 09:38:42,147 - INFO - 止盈：0.15，卖一半
2025-03-19 09:38:42,147 - INFO - 建议: 观望 (WAIT)
2025-03-19 09:38:42,147 - INFO - 原因: 预测值 0.4895 在不确定区间 [0.45, 0.55]，建议持观望态度
2025-03-19 09:38:42,147 - INFO - ==================================================
2025-03-19 09:39:08,004 - INFO - 最新收盘价: 391.37
2025-03-19 09:39:08,005 - INFO - 最后一次操作: sell,时间: 2024-08-08 00:00:00,价格: 530.239990234375
2025-03-19 09:39:08,005 - INFO - ADBE 2025-03-18
2025-03-19 09:39:08,005 - INFO - 止损：0.05,卖出
2025-03-19 09:39:08,005 - INFO - 止盈：0.15，卖一半
2025-03-19 09:39:08,005 - INFO - 建议: 观望 (WAIT)
2025-03-19 09:39:08,005 - INFO - 原因: 预测值 0.4739 在不确定区间 [0.45, 0.55]，建议持观望态度
2025-03-19 09:39:08,006 - INFO - ==================================================
2025-03-19 09:39:33,297 - INFO - 最新收盘价: 929.98
2025-03-19 09:39:33,297 - INFO - 最后一次操作: sell,时间: 2024-08-08 00:00:00,价格: 630.3499755859375
2025-03-19 09:39:33,297 - INFO - NFLX 2025-03-18
2025-03-19 09:39:33,297 - INFO - 预测上涨
2025-03-19 09:39:33,299 - INFO - 建议: 观望 (WAIT)
2025-03-19 09:39:33,299 - INFO - 原因: 预测值 0.5080 > 阈值 0.51，预计市场将上涨，当前无持仓，无需操作
2025-03-19 09:39:33,299 - INFO - ==================================================
2025-03-19 09:39:59,154 - INFO - 最新收盘价: 225.31
2025-03-19 09:39:59,154 - INFO - 最后一次操作: sell,时间: 2025-03-04 00:00:00,价格: 272.0400085449219
2025-03-19 09:39:59,155 - INFO - TSLA 2025-03-18
2025-03-19 09:39:59,155 - INFO - 止损：0.05,卖出
2025-03-19 09:39:59,155 - INFO - 止盈：0.15，卖一半
2025-03-19 09:39:59,155 - INFO - 建议: 观望 (WAIT)
2025-03-19 09:39:59,155 - INFO - 原因: 预测值 0.4968 在不确定区间 [0.46, 0.54]，建议持观望态度
2025-03-19 09:39:59,155 - INFO - ==================================================
2025-03-19 09:40:24,532 - INFO - 最新收盘价: 173.13
2025-03-19 09:40:24,533 - INFO - 最后一次操作: buy,时间: 2025-03-13 00:00:00,价格: 171.58999633789062
2025-03-19 09:40:24,533 - INFO - TSM 2025-03-18
2025-03-19 09:40:24,533 - INFO - 预测上涨
2025-03-19 09:40:24,533 - INFO - 买入：1股
2025-03-19 09:40:24,533 - INFO - 建议: 继续持有 (WAIT)
2025-03-19 09:40:24,533 - INFO - 原因: 预测值 0.5257 > 阈值 0.50，预计市场将继续上涨
2025-03-19 09:40:24,533 - INFO - ==================================================
2025-03-19 09:40:50,097 - INFO - 最新收盘价: 103.51
2025-03-19 09:40:50,098 - INFO - 最后一次操作: sell,时间: 2024-08-08 00:00:00,价格: 136.32000732421875
2025-03-19 09:40:50,098 - INFO - AMD 2025-03-18
2025-03-19 09:40:50,098 - INFO - 止损：0.05,卖出
2025-03-19 09:40:50,098 - INFO - 止盈：0.15，卖一半
2025-03-19 09:40:50,098 - INFO - 建议: 观望 (WAIT)
2025-03-19 09:40:50,099 - INFO - 原因: 预测值 0.4971 在不确定区间 [0.46, 0.54]，建议持观望态度
2025-03-19 09:40:50,099 - INFO - ==================================================
2025-03-19 09:41:16,248 - INFO - 最新收盘价: 303.60
2025-03-19 09:41:16,248 - INFO - 最后一次操作: buy,时间: 2025-03-13 00:00:00,价格: 297.5
2025-03-19 09:41:16,248 - INFO - MCD 2025-03-18
2025-03-19 09:41:16,249 - INFO - 预测上涨
2025-03-19 09:41:16,249 - INFO - 建议: 继续持有 (WAIT)
2025-03-19 09:41:16,249 - INFO - 原因: 预测值 0.5172 > 阈值 0.50，预计市场将继续上涨
2025-03-19 09:41:16,249 - INFO - ==================================================
2025-03-19 09:41:41,284 - INFO - 最新收盘价: 569.48
2025-03-19 09:41:41,285 - INFO - 最后一次操作: sell,时间: 2024-11-06 00:00:00,价格: 391.1600036621094
2025-03-19 09:41:41,285 - INFO - SPOT 2025-03-18
2025-03-19 09:41:41,285 - INFO - 预测下跌，有就卖
2025-03-19 09:41:41,285 - INFO - 建议: 观望 (WAIT)
2025-03-19 09:41:41,286 - INFO - 原因: 预测值 0.4800 < 阈值 0.50，预计市场将下跌，当前无持仓，无需操作
2025-03-19 09:41:41,286 - INFO - ==================================================
2025-03-19 09:42:07,629 - INFO - 最新收盘价: 100.47
2025-03-19 09:42:07,630 - INFO - 最后一次操作: buy,时间: 2025-03-03 00:00:00,价格: 96.62999725341797
2025-03-19 09:42:07,630 - INFO - NTES 2025-03-18
2025-03-19 09:42:07,630 - INFO - 止损：0.05,卖出
2025-03-19 09:42:07,630 - INFO - 止盈：0.15，卖一半
2025-03-19 09:42:07,630 - INFO - 建议: 观望 (WAIT)
2025-03-19 09:42:07,630 - INFO - 原因: 预测值 0.4900 在不确定区间 [0.47, 0.53]，建议持观望态度
2025-03-19 09:42:07,631 - INFO - ==================================================
2025-03-19 09:42:32,981 - INFO - 最新收盘价: 69.49
2025-03-19 09:42:32,982 - INFO - 最后一次操作: sell,时间: 2025-03-04 00:00:00,价格: 63.400001525878906
2025-03-19 09:42:32,982 - INFO - TCEHY 2025-03-18
2025-03-19 09:42:32,982 - INFO - 预测上涨
2025-03-19 09:42:32,982 - INFO - 建议: 观望 (WAIT)
2025-03-19 09:42:32,982 - INFO - 原因: 预测值 0.4967 > 阈值 0.48，预计市场将上涨，当前无持仓，无需操作
2025-03-19 09:42:32,982 - INFO - ==================================================
2025-03-19 09:42:57,858 - INFO - 最新收盘价: 142.74
2025-03-19 09:42:57,858 - INFO - 最后一次操作: sell,时间: 2025-03-10 00:00:00,价格: 132.5399932861328
2025-03-19 09:42:57,858 - INFO - BABA 2025-03-18
2025-03-19 09:42:57,858 - INFO - 预测上涨
2025-03-19 09:42:57,858 - INFO - 建议: 观望 (WAIT)
2025-03-19 09:42:57,858 - INFO - 原因: 预测值 0.4951 > 阈值 0.48，预计市场将上涨，当前无持仓，无需操作
2025-03-19 09:42:57,858 - INFO - ==================================================
2025-03-19 09:43:23,477 - INFO - 最新收盘价: 102.51
2025-03-19 09:43:23,477 - INFO - 最后一次操作: sell,时间: 2025-01-21 00:00:00,价格: 83.69000244140625
2025-03-19 09:43:23,477 - INFO - BIDU 2025-03-18
2025-03-19 09:43:23,477 - INFO - 止损：0.05,卖出
2025-03-19 09:43:23,477 - INFO - 止盈：0.15，卖一半
2025-03-19 09:43:23,477 - INFO - 建议: 观望 (WAIT)
2025-03-19 09:43:23,477 - INFO - 原因: 预测值 0.4933 在不确定区间 [0.46, 0.54]，建议持观望态度
2025-03-19 09:43:23,478 - INFO - ==================================================
2025-03-19 09:43:50,375 - INFO - 最新收盘价: 561.02
2025-03-19 09:43:50,375 - INFO - 最后一次操作: buy,时间: 2025-02-27 00:00:00,价格: 585.0499877929688
2025-03-19 09:43:50,375 - INFO - SPY 2025-03-18
2025-03-19 09:43:50,376 - INFO - 预测上涨
2025-03-19 09:43:50,376 - INFO - 买入：1股
2025-03-19 09:43:50,376 - INFO - 建议: 继续持有 (WAIT)
2025-03-19 09:43:50,376 - INFO - 原因: 预测值 0.6107 > 阈值 0.50，预计市场将继续上涨
2025-03-19 09:43:50,376 - INFO - ==================================================
2025-03-19 09:44:21,395 - INFO - 最新收盘价: 474.54
2025-03-19 09:44:21,396 - INFO - 最后一次操作: buy,时间: 2025-02-24 00:00:00,价格: 519.8699951171875
2025-03-19 09:44:21,396 - INFO - QQQ 2025-03-18
2025-03-19 09:44:21,396 - INFO - 预测上涨
2025-03-19 09:44:21,396 - INFO - 买入：2股
2025-03-19 09:44:21,397 - INFO - 建议: 继续持有 (WAIT)
2025-03-19 09:44:21,397 - INFO - 原因: 预测值 0.6256 > 阈值 0.50，预计市场将继续上涨
2025-03-19 09:44:21,397 - INFO - ==================================================
2025-03-19 09:44:54,116 - INFO - 最新收盘价: 156.29
2025-03-19 09:44:54,116 - INFO - 最后一次操作: buy,时间: 2025-03-13 00:00:00,价格: 151.94000244140625
2025-03-19 09:44:54,116 - INFO - QCOM 2025-03-18
2025-03-19 09:44:54,116 - INFO - 止损：0.05,卖出
2025-03-19 09:44:54,116 - INFO - 止盈：0.15，卖一半
2025-03-19 09:44:54,116 - INFO - 建议: 观望 (WAIT)
2025-03-19 09:44:54,117 - INFO - 原因: 预测值 0.5247 在不确定区间 [0.46, 0.54]，建议持观望态度
2025-03-19 09:44:54,117 - INFO - ==================================================
